TN:
SF:/Users/marlongomes/Workspace/crawler-tcc/src/js/App.js
FN:8,_interopRequireDefault
FN:24,(anonymous_1)
FNF:2
FNH:0
FNDA:0,_interopRequireDefault
FNDA:0,(anonymous_1)
DA:1,0
DA:2,0
DA:3,0
DA:4,0
DA:5,0
DA:6,0
DA:7,0
DA:8,0
DA:10,0
DA:11,0
DA:12,0
DA:13,0
DA:14,0
DA:16,0
DA:18,0
DA:20,0
DA:21,0
DA:22,0
DA:24,0
LF:19
LH:0
BRDA:8,0,0,0
BRDA:8,0,1,0
BRDA:8,1,0,0
BRDA:8,1,1,0
BRDA:20,2,0,0
BRDA:20,2,1,0
BRF:6
BRH:0
end_of_record
TN:
SF:/Users/marlongomes/Workspace/crawler-tcc/src/js/index.js
FN:9,_interopRequireDefault
FNF:1
FNH:0
FNDA:0,_interopRequireDefault
DA:1,0
DA:2,0
DA:4,0
DA:5,0
DA:7,0
DA:9,0
DA:11,0
DA:13,0
DA:14,0
DA:16,0
LF:10
LH:0
BRDA:9,0,0,0
BRDA:9,0,1,0
BRDA:9,1,0,0
BRDA:9,1,1,0
BRF:4
BRH:0
end_of_record
TN:
SF:/Users/marlongomes/Workspace/crawler-tcc/src/js/store.js
FNF:0
FNH:0
LF:0
LH:0
BRF:0
BRH:0
end_of_record
TN:
SF:/Users/marlongomes/Workspace/crawler-tcc/src/js/actions/dashboard.js
FN:16,_interopRequireDefault
FN:16,loadSites
FN:16,(anonymous_2)
FN:16,(anonymous_3)
FN:16,(anonymous_4)
FN:16,unloadSites
FNF:6
FNH:0
FNDA:0,_interopRequireDefault
FNDA:0,loadSites
FNDA:0,(anonymous_2)
FNDA:0,(anonymous_3)
FNDA:0,(anonymous_4)
FNDA:0,unloadSites
DA:1,0
DA:4,0
DA:16,0
DA:17,0
LF:4
LH:0
BRDA:16,0,0,0
BRDA:16,0,1,0
BRDA:16,1,0,0
BRDA:16,1,1,0
BRF:4
BRH:0
end_of_record
TN:
SF:/Users/marlongomes/Workspace/crawler-tcc/src/js/actions/index.js
FNF:0
FNH:0
DA:4,1
DA:5,1
DA:6,1
DA:9,1
DA:10,1
DA:13,1
DA:14,1
DA:15,1
DA:16,1
DA:19,1
DA:20,1
DA:21,1
LF:12
LH:12
BRF:0
BRH:0
end_of_record
TN:
SF:/Users/marlongomes/Workspace/crawler-tcc/src/js/actions/nav.js
FN:5,navActivate
FN:9,navEnable
FN:13,navResponsive
FNF:3
FNH:0
FNDA:0,navActivate
FNDA:0,navEnable
FNDA:0,navResponsive
DA:6,0
DA:10,0
DA:14,0
LF:3
LH:0
BRF:0
BRH:0
end_of_record
TN:
SF:/Users/marlongomes/Workspace/crawler-tcc/src/js/actions/session.js
FN:7,initialize
FN:8,(anonymous_1)
FN:20,login
FN:21,(anonymous_3)
FN:23,(anonymous_4)
FN:38,(anonymous_5)
FN:48,logout
FN:49,(anonymous_7)
FNF:8
FNH:0
FNDA:0,initialize
FNDA:0,(anonymous_1)
FNDA:0,login
FNDA:0,(anonymous_3)
FNDA:0,(anonymous_4)
FNDA:0,(anonymous_5)
FNDA:0,logout
FNDA:0,(anonymous_7)
DA:5,1
DA:8,0
DA:9,0
DA:10,0
DA:11,0
DA:15,0
DA:21,0
DA:22,0
DA:24,0
DA:25,0
DA:26,0
DA:27,0
DA:28,0
DA:29,0
DA:31,0
DA:36,0
DA:38,0
DA:49,0
DA:50,0
DA:51,0
DA:52,0
DA:53,0
DA:54,0
DA:55,0
DA:56,0
DA:60,0
LF:26
LH:1
BRDA:10,0,0,0
BRDA:10,0,1,0
BRDA:10,1,0,0
BRDA:10,1,1,0
BRF:4
BRH:0
end_of_record
TN:
SF:/Users/marlongomes/Workspace/crawler-tcc/src/js/actions/tasks.js
FN:4,_interopRequireDefault
FN:4,loadProducts
FN:5,(anonymous_2)
FN:7,(anonymous_3)
FN:10,(anonymous_4)
FNF:5
FNH:0
FNDA:0,_interopRequireDefault
FNDA:0,loadProducts
FNDA:0,(anonymous_2)
FNDA:0,(anonymous_3)
FNDA:0,(anonymous_4)
DA:1,0
DA:4,0
DA:5,0
DA:7,0
DA:8,0
DA:11,0
DA:16,0
LF:7
LH:0
BRDA:4,0,0,0
BRDA:4,0,1,0
BRDA:4,1,0,0
BRDA:4,1,1,0
BRF:4
BRH:0
end_of_record
TN:
SF:/Users/marlongomes/Workspace/crawler-tcc/src/js/api/dashboard.js
FNF:0
FNH:0
LF:0
LH:0
BRF:0
BRH:0
end_of_record
TN:
SF:/Users/marlongomes/Workspace/crawler-tcc/src/js/api/request-watcher.js
FN:3,_getRequest
FN:11,(anonymous_1)
FN:14,(anonymous_2)
FN:23,(anonymous_3)
FN:45,(anonymous_4)
FN:53,(anonymous_5)
FN:54,(anonymous_6)
FN:60,(anonymous_7)
FN:69,(anonymous_8)
FN:73,(anonymous_9)
FN:86,(anonymous_10)
FN:93,(anonymous_11)
FN:96,(anonymous_12)
FN:108,(anonymous_13)
FN:112,(anonymous_14)
FN:116,(anonymous_15)
FN:131,start
FN:146,stop
FN:147,(anonymous_18)
FNF:19
FNH:1
FNDA:0,_getRequest
FNDA:0,(anonymous_1)
FNDA:0,(anonymous_2)
FNDA:1,(anonymous_3)
FNDA:0,(anonymous_4)
FNDA:0,(anonymous_5)
FNDA:0,(anonymous_6)
FNDA:0,(anonymous_7)
FNDA:0,(anonymous_8)
FNDA:0,(anonymous_9)
FNDA:0,(anonymous_10)
FNDA:0,(anonymous_11)
FNDA:0,(anonymous_12)
FNDA:0,(anonymous_13)
FNDA:0,(anonymous_14)
FNDA:0,(anonymous_15)
FNDA:0,start
FNDA:0,stop
FNDA:0,(anonymous_18)
DA:4,0
DA:5,0
DA:7,0
DA:8,0
DA:11,0
DA:14,0
DA:19,1
DA:24,1
DA:29,1
DA:30,1
DA:31,1
DA:32,0
DA:33,0
DA:35,0
DA:36,0
DA:40,0
DA:46,0
DA:47,0
DA:48,0
DA:49,0
DA:50,0
DA:54,0
DA:62,0
DA:63,0
DA:64,0
DA:70,0
DA:73,0
DA:74,0
DA:75,0
DA:76,0
DA:78,0
DA:80,0
DA:82,0
DA:87,0
DA:88,0
DA:89,0
DA:94,0
DA:96,0
DA:100,0
DA:102,0
DA:103,0
DA:109,0
DA:113,0
DA:117,0
DA:121,0
DA:122,0
DA:124,0
DA:125,0
DA:126,0
DA:127,0
DA:129,0
DA:132,0
DA:133,0
DA:137,0
DA:138,0
DA:139,0
DA:144,0
DA:147,0
DA:148,0
DA:149,0
DA:150,0
DA:151,0
DA:153,0
DA:154,0
DA:157,0
DA:160,0
DA:164,0
LF:67
LH:5
BRDA:4,0,0,0
BRDA:4,0,1,0
BRDA:23,1,0,1
BRDA:31,2,0,0
BRDA:31,2,1,1
BRDA:32,3,0,0
BRDA:32,3,1,0
BRDA:35,4,0,0
BRDA:35,4,1,0
BRDA:35,5,0,0
BRDA:35,5,1,0
BRDA:74,6,0,0
BRDA:74,6,1,0
BRDA:75,7,0,0
BRDA:75,7,1,0
BRDA:87,8,0,0
BRDA:87,8,1,0
BRDA:124,9,0,0
BRDA:124,9,1,0
BRDA:126,10,0,0
BRDA:126,10,1,0
BRDA:132,11,0,0
BRDA:132,11,1,0
BRDA:138,12,0,0
BRDA:138,12,1,0
BRDA:148,13,0,0
BRDA:148,13,1,0
BRDA:149,14,0,0
BRDA:149,14,1,0
BRDA:151,15,0,0
BRDA:151,15,1,0
BRF:31
BRH:2
end_of_record
TN:
SF:/Users/marlongomes/Workspace/crawler-tcc/src/js/api/session.js
FN:3,postSession
FN:14,deleteSession
FNF:2
FNH:0
FNDA:0,postSession
FNDA:0,deleteSession
DA:4,0
DA:10,0
DA:15,0
DA:20,0
LF:4
LH:0
BRF:0
BRH:0
end_of_record
TN:
SF:/Users/marlongomes/Workspace/crawler-tcc/src/js/api/tasks.js
FNF:0
FNH:0
LF:0
LH:0
BRF:0
BRH:0
end_of_record
TN:
SF:/Users/marlongomes/Workspace/crawler-tcc/src/js/api/utils.js
FN:8,headers
FN:12,parseJSON
FN:19,updateHeaders
FN:21,(anonymous_3)
FNF:4
FNH:0
FNDA:0,headers
FNDA:0,parseJSON
FNDA:0,updateHeaders
FNDA:0,(anonymous_3)
DA:3,1
DA:9,0
DA:13,0
DA:14,0
DA:16,0
DA:20,0
DA:21,0
DA:22,0
DA:23,0
DA:28,1
LF:10
LH:2
BRDA:13,0,0,0
BRDA:13,0,1,0
BRDA:22,1,0,0
BRDA:22,1,1,0
BRF:4
BRH:0
end_of_record
TN:
SF:/Users/marlongomes/Workspace/crawler-tcc/src/js/components/Main.js
FN:1,(anonymous_0)
FN:1,defineProperties
FN:1,(anonymous_2)
FN:16,_interopRequireDefault
FN:16,_classCallCheck
FN:16,_possibleConstructorReturn
FN:16,_inherits
FN:18,(anonymous_7)
FN:19,Main
FN:22,_onResponsive
FN:26,render
FN:81,select
FNF:12
FNH:0
FNDA:0,(anonymous_0)
FNDA:0,defineProperties
FNDA:0,(anonymous_2)
FNDA:0,_interopRequireDefault
FNDA:0,_classCallCheck
FNDA:0,_possibleConstructorReturn
FNDA:0,_inherits
FNDA:0,(anonymous_7)
FNDA:0,Main
FNDA:0,_onResponsive
FNDA:0,render
FNDA:0,select
DA:1,0
DA:2,0
DA:3,0
DA:5,0
DA:6,0
DA:8,0
DA:9,0
DA:11,0
DA:12,0
DA:13,0
DA:14,0
DA:15,0
DA:16,0
DA:18,0
DA:19,0
DA:21,0
DA:22,0
DA:25,0
DA:31,0
DA:32,0
DA:33,0
DA:34,0
DA:35,0
DA:37,0
DA:39,0
DA:61,0
DA:64,0
DA:72,0
DA:81,0
DA:82,0
LF:30
LH:0
BRDA:1,0,0,0
BRDA:1,0,1,0
BRDA:1,1,0,0
BRDA:1,1,1,0
BRDA:1,2,0,0
BRDA:1,2,1,0
BRDA:1,3,0,0
BRDA:1,3,1,0
BRDA:16,4,0,0
BRDA:16,4,1,0
BRDA:16,5,0,0
BRDA:16,5,1,0
BRDA:16,6,0,0
BRDA:16,6,1,0
BRDA:16,7,0,0
BRDA:16,7,1,0
BRDA:16,8,0,0
BRDA:16,8,1,0
BRDA:16,9,0,0
BRDA:16,9,1,0
BRDA:16,9,2,0
BRDA:16,10,0,0
BRDA:16,10,1,0
BRDA:16,11,0,0
BRDA:16,11,1,0
BRDA:16,12,0,0
BRDA:16,12,1,0
BRDA:16,13,0,0
BRDA:16,13,1,0
BRDA:16,14,0,0
BRDA:16,14,1,0
BRDA:19,15,0,0
BRDA:19,15,1,0
BRDA:32,16,0,0
BRDA:32,16,1,0
BRDA:34,17,0,0
BRDA:34,17,1,0
BRDA:37,18,0,0
BRDA:37,18,1,0
BRDA:37,19,0,0
BRDA:37,19,1,0
BRF:41
BRH:0
end_of_record
TN:
SF:/Users/marlongomes/Workspace/crawler-tcc/src/js/components/NavControl.js
FN:1,(anonymous_0)
FN:1,defineProperties
FN:1,(anonymous_2)
FN:11,_interopRequireDefault
FN:11,_classCallCheck
FN:11,_possibleConstructorReturn
FN:11,_inherits
FN:13,(anonymous_7)
FN:13,NavControl
FN:13,render
FN:21,onClick
FN:54,select
FNF:12
FNH:0
FNDA:0,(anonymous_0)
FNDA:0,defineProperties
FNDA:0,(anonymous_2)
FNDA:0,_interopRequireDefault
FNDA:0,_classCallCheck
FNDA:0,_possibleConstructorReturn
FNDA:0,_inherits
FNDA:0,(anonymous_7)
FNDA:0,NavControl
FNDA:0,render
FNDA:0,onClick
FNDA:0,select
DA:1,0
DA:3,0
DA:4,0
DA:6,0
DA:7,0
DA:8,0
DA:9,0
DA:11,0
DA:13,0
DA:14,0
DA:15,0
DA:17,0
DA:18,0
DA:19,0
DA:20,0
DA:21,0
DA:33,0
DA:35,0
DA:36,0
DA:39,0
DA:48,0
DA:54,0
DA:55,0
LF:23
LH:0
BRDA:1,0,0,0
BRDA:1,0,1,0
BRDA:1,1,0,0
BRDA:1,1,1,0
BRDA:1,2,0,0
BRDA:1,2,1,0
BRDA:1,3,0,0
BRDA:1,3,1,0
BRDA:11,4,0,0
BRDA:11,4,1,0
BRDA:11,5,0,0
BRDA:11,5,1,0
BRDA:11,6,0,0
BRDA:11,6,1,0
BRDA:11,7,0,0
BRDA:11,7,1,0
BRDA:11,8,0,0
BRDA:11,8,1,0
BRDA:11,9,0,0
BRDA:11,9,1,0
BRDA:11,9,2,0
BRDA:11,10,0,0
BRDA:11,10,1,0
BRDA:11,11,0,0
BRDA:11,11,1,0
BRDA:11,12,0,0
BRDA:11,12,1,0
BRDA:11,13,0,0
BRDA:11,13,1,0
BRDA:11,14,0,0
BRDA:11,14,1,0
BRDA:13,15,0,0
BRDA:13,15,1,0
BRDA:18,16,0,0
BRDA:18,16,1,0
BRDA:19,17,0,0
BRDA:19,17,1,0
BRF:37
BRH:0
end_of_record
TN:
SF:/Users/marlongomes/Workspace/crawler-tcc/src/js/components/NavSidebar.js
FN:18,(anonymous_0)
FN:23,(anonymous_1)
FN:27,(anonymous_2)
FN:30,(anonymous_3)
FN:77,(anonymous_4)
FNF:5
FNH:0
FNDA:0,(anonymous_0)
FNDA:0,(anonymous_1)
FNDA:0,(anonymous_2)
FNDA:0,(anonymous_3)
FNDA:0,(anonymous_4)
DA:19,0
DA:20,0
DA:24,0
DA:28,0
DA:30,0
DA:31,0
DA:34,0
DA:59,1
DA:67,1
DA:77,1
LF:10
LH:3
BRF:0
BRH:0
end_of_record
TN:
SF:/Users/marlongomes/Workspace/crawler-tcc/src/js/components/SessionMenu.js
FN:13,(anonymous_0)
FN:18,(anonymous_1)
FN:24,(anonymous_2)
FN:54,(anonymous_3)
FNF:4
FNH:0
FNDA:0,(anonymous_0)
FNDA:0,(anonymous_1)
FNDA:0,(anonymous_2)
FNDA:0,(anonymous_3)
DA:14,0
DA:15,0
DA:19,0
DA:20,0
DA:21,0
DA:25,0
DA:26,0
DA:42,1
DA:47,1
DA:54,1
LF:10
LH:3
BRF:0
BRH:0
end_of_record
TN:
SF:/Users/marlongomes/Workspace/crawler-tcc/src/js/messages/en-US.js
FNF:0
FNH:0
DA:1,0
LF:1
LH:0
BRF:0
BRH:0
end_of_record
TN:
SF:/Users/marlongomes/Workspace/crawler-tcc/src/js/messages/pt-BR.js
FNF:0
FNH:0
DA:1,0
LF:1
LH:0
BRF:0
BRH:0
end_of_record
TN:
SF:/Users/marlongomes/Workspace/crawler-tcc/src/js/reducers/dashboard.js
FN:9,(anonymous_0)
FN:14,(anonymous_1)
FNF:2
FNH:0
FNDA:0,(anonymous_0)
FNDA:0,(anonymous_1)
DA:4,1
DA:8,1
DA:10,0
DA:11,0
DA:14,0
LF:5
LH:2
BRDA:10,0,0,0
BRDA:10,0,1,0
BRF:2
BRH:0
end_of_record
TN:
SF:/Users/marlongomes/Workspace/crawler-tcc/src/js/reducers/nav.js
FN:21,(anonymous_0)
FN:25,(anonymous_1)
FN:29,(anonymous_2)
FNF:3
FNH:0
FNDA:0,(anonymous_0)
FNDA:0,(anonymous_1)
FNDA:0,(anonymous_2)
DA:9,1
DA:20,1
DA:22,0
DA:26,0
DA:30,0
DA:31,0
DA:32,0
DA:33,0
DA:34,0
DA:35,0
DA:37,0
LF:11
LH:2
BRDA:31,0,0,0
BRDA:31,0,1,0
BRDA:31,1,0,0
BRDA:31,1,1,0
BRDA:34,2,0,0
BRDA:34,2,1,0
BRDA:34,3,0,0
BRDA:34,3,1,0
BRF:8
BRH:0
end_of_record
TN:
SF:/Users/marlongomes/Workspace/crawler-tcc/src/js/reducers/root.js
FNF:0
FNH:0
LF:0
LH:0
BRF:0
BRH:0
end_of_record
TN:
SF:/Users/marlongomes/Workspace/crawler-tcc/src/js/reducers/session.js
FN:9,(anonymous_0)
FN:10,(anonymous_1)
FN:16,(anonymous_2)
FNF:3
FNH:0
FNDA:0,(anonymous_0)
FNDA:0,(anonymous_1)
FNDA:0,(anonymous_2)
DA:6,1
DA:8,1
DA:9,0
DA:11,0
DA:12,0
DA:14,0
DA:16,0
LF:7
LH:2
BRDA:11,0,0,0
BRDA:11,0,1,0
BRF:2
BRH:0
end_of_record
TN:
SF:/Users/marlongomes/Workspace/crawler-tcc/src/js/reducers/tasks.js
FN:10,(anonymous_0)
FN:17,(anonymous_1)
FN:18,(anonymous_2)
FN:25,(anonymous_3)
FNF:4
FNH:0
FNDA:0,(anonymous_0)
FNDA:0,(anonymous_1)
FNDA:0,(anonymous_2)
FNDA:0,(anonymous_3)
DA:4,1
DA:9,1
DA:11,0
DA:12,0
DA:13,0
DA:17,0
DA:19,0
DA:20,0
DA:21,0
DA:23,0
DA:25,0
LF:11
LH:2
BRDA:11,0,0,0
BRDA:11,0,1,0
BRDA:19,1,0,0
BRDA:19,1,1,0
BRF:4
BRH:0
end_of_record
TN:
SF:/Users/marlongomes/Workspace/crawler-tcc/src/js/reducers/utils.js
FN:1,createReducer
FN:2,(anonymous_1)
FNF:2
FNH:2
FNDA:4,createReducer
FNDA:12,(anonymous_1)
DA:2,4
DA:3,12
DA:4,12
DA:5,0
LF:4
LH:3
BRDA:2,0,0,12
BRDA:4,1,0,12
BRDA:4,1,1,0
BRF:3
BRH:2
end_of_record
TN:
SF:/Users/marlongomes/Workspace/crawler-tcc/src/js/screens/Dashboard.js
FN:1,(anonymous_0)
FN:1,(anonymous_1)
FN:1,defineProperties
FN:1,(anonymous_3)
FN:27,_interopRequireDefault
FN:27,_classCallCheck
FN:27,_possibleConstructorReturn
FN:27,_inherits
FN:29,(anonymous_8)
FN:29,Dashboard
FN:29,componentDidMount
FN:33,componentWillUnmount
FN:38,render
FN:66,(anonymous_13)
FN:155,select
FNF:15
FNH:0
FNDA:0,(anonymous_0)
FNDA:0,(anonymous_1)
FNDA:0,defineProperties
FNDA:0,(anonymous_3)
FNDA:0,_interopRequireDefault
FNDA:0,_classCallCheck
FNDA:0,_possibleConstructorReturn
FNDA:0,_inherits
FNDA:0,(anonymous_8)
FNDA:0,Dashboard
FNDA:0,componentDidMount
FNDA:0,componentWillUnmount
FNDA:0,render
FNDA:0,(anonymous_13)
FNDA:0,select
DA:1,0
DA:2,0
DA:4,0
DA:5,0
DA:6,0
DA:7,0
DA:8,0
DA:9,0
DA:10,0
DA:11,0
DA:12,0
DA:13,0
DA:14,0
DA:15,0
DA:16,0
DA:17,0
DA:18,0
DA:19,0
DA:20,0
DA:22,0
DA:23,0
DA:27,0
DA:29,0
DA:31,0
DA:32,0
DA:37,0
DA:41,0
DA:42,0
DA:44,0
DA:45,0
DA:46,0
DA:47,0
DA:55,0
DA:56,0
DA:66,0
DA:88,0
DA:95,0
DA:137,0
DA:140,0
DA:145,0
DA:151,0
DA:155,0
LF:42
LH:0
BRDA:1,0,0,0
BRDA:1,0,1,0
BRDA:1,1,0,0
BRDA:1,1,1,0
BRDA:1,2,0,0
BRDA:1,2,1,0
BRDA:1,3,0,0
BRDA:1,3,1,0
BRDA:1,4,0,0
BRDA:1,4,1,0
BRDA:1,5,0,0
BRDA:1,5,1,0
BRDA:27,6,0,0
BRDA:27,6,1,0
BRDA:27,7,0,0
BRDA:27,7,1,0
BRDA:27,8,0,0
BRDA:27,8,1,0
BRDA:27,9,0,0
BRDA:27,9,1,0
BRDA:27,10,0,0
BRDA:27,10,1,0
BRDA:27,11,0,0
BRDA:27,11,1,0
BRDA:27,11,2,0
BRDA:27,12,0,0
BRDA:27,12,1,0
BRDA:27,13,0,0
BRDA:27,13,1,0
BRDA:27,14,0,0
BRDA:27,14,1,0
BRDA:27,15,0,0
BRDA:27,15,1,0
BRDA:27,16,0,0
BRDA:27,16,1,0
BRDA:29,17,0,0
BRDA:29,17,1,0
BRDA:46,18,0,0
BRDA:46,18,1,0
BRDA:55,19,0,0
BRDA:55,19,1,0
BRDA:66,20,0,0
BRDA:66,20,1,0
BRF:43
BRH:0
end_of_record
TN:
SF:/Users/marlongomes/Workspace/crawler-tcc/src/js/screens/Login.js
FN:1,(anonymous_0)
FN:1,defineProperties
FN:1,(anonymous_2)
FN:18,_interopRequireDefault
FN:18,_classCallCheck
FN:18,_possibleConstructorReturn
FN:18,_inherits
FN:20,(anonymous_7)
FN:21,Login
FN:24,componentDidMount
FN:29,componentWillUnmount
FN:33,_onSubmit
FN:40,render
FN:116,select
FNF:14
FNH:0
FNDA:0,(anonymous_0)
FNDA:0,defineProperties
FNDA:0,(anonymous_2)
FNDA:0,_interopRequireDefault
FNDA:0,_classCallCheck
FNDA:0,_possibleConstructorReturn
FNDA:0,_inherits
FNDA:0,(anonymous_7)
FNDA:0,Login
FNDA:0,componentDidMount
FNDA:0,componentWillUnmount
FNDA:0,_onSubmit
FNDA:0,render
FNDA:0,select
DA:1,0
DA:2,0
DA:3,0
DA:6,0
DA:7,0
DA:8,0
DA:9,0
DA:10,0
DA:11,0
DA:12,0
DA:13,0
DA:14,0
DA:16,0
DA:17,0
DA:18,0
DA:20,0
DA:21,0
DA:23,0
DA:24,0
DA:27,0
DA:28,0
DA:32,0
DA:36,0
DA:37,0
DA:39,0
DA:43,0
DA:45,0
DA:51,0
DA:96,0
DA:99,0
DA:105,0
DA:112,0
DA:116,0
DA:117,0
LF:34
LH:0
BRDA:1,0,0,0
BRDA:1,0,1,0
BRDA:1,1,0,0
BRDA:1,1,1,0
BRDA:1,2,0,0
BRDA:1,2,1,0
BRDA:1,3,0,0
BRDA:1,3,1,0
BRDA:18,4,0,0
BRDA:18,4,1,0
BRDA:18,5,0,0
BRDA:18,5,1,0
BRDA:18,6,0,0
BRDA:18,6,1,0
BRDA:18,7,0,0
BRDA:18,7,1,0
BRDA:18,8,0,0
BRDA:18,8,1,0
BRDA:18,9,0,0
BRDA:18,9,1,0
BRDA:18,9,2,0
BRDA:18,10,0,0
BRDA:18,10,1,0
BRDA:18,11,0,0
BRDA:18,11,1,0
BRDA:18,12,0,0
BRDA:18,12,1,0
BRDA:18,13,0,0
BRDA:18,13,1,0
BRDA:18,14,0,0
BRDA:18,14,1,0
BRDA:21,15,0,0
BRDA:21,15,1,0
BRF:33
BRH:0
end_of_record
TN:
SF:/Users/marlongomes/Workspace/crawler-tcc/src/js/screens/NotFound.js
FN:1,(anonymous_0)
FN:1,defineProperties
FN:1,(anonymous_2)
FN:10,_interopRequireDefault
FN:10,_classCallCheck
FN:10,_possibleConstructorReturn
FN:10,_inherits
FN:12,(anonymous_7)
FN:12,NotFound
FN:12,componentDidMount
FN:16,componentWillUnmount
FN:20,render
FNF:12
FNH:0
FNDA:0,(anonymous_0)
FNDA:0,defineProperties
FNDA:0,(anonymous_2)
FNDA:0,_interopRequireDefault
FNDA:0,_classCallCheck
FNDA:0,_possibleConstructorReturn
FNDA:0,_inherits
FNDA:0,(anonymous_7)
FNDA:0,NotFound
FNDA:0,componentDidMount
FNDA:0,componentWillUnmount
FNDA:0,render
DA:1,0
DA:2,0
DA:4,0
DA:5,0
DA:6,0
DA:7,0
DA:9,0
DA:10,0
DA:12,0
DA:14,0
DA:15,0
DA:19,0
DA:23,0
DA:33,0
DA:36,0
DA:37,0
LF:16
LH:0
BRDA:1,0,0,0
BRDA:1,0,1,0
BRDA:1,1,0,0
BRDA:1,1,1,0
BRDA:1,2,0,0
BRDA:1,2,1,0
BRDA:1,3,0,0
BRDA:1,3,1,0
BRDA:10,4,0,0
BRDA:10,4,1,0
BRDA:10,5,0,0
BRDA:10,5,1,0
BRDA:10,6,0,0
BRDA:10,6,1,0
BRDA:10,7,0,0
BRDA:10,7,1,0
BRDA:10,8,0,0
BRDA:10,8,1,0
BRDA:10,9,0,0
BRDA:10,9,1,0
BRDA:10,9,2,0
BRDA:10,10,0,0
BRDA:10,10,1,0
BRDA:10,11,0,0
BRDA:10,11,1,0
BRDA:10,12,0,0
BRDA:10,12,1,0
BRDA:10,13,0,0
BRDA:10,13,1,0
BRDA:10,14,0,0
BRDA:10,14,1,0
BRDA:12,15,0,0
BRDA:12,15,1,0
BRF:33
BRH:0
end_of_record
TN:
SF:/Users/marlongomes/Workspace/crawler-tcc/src/js/screens/Reports.js
FN:1,(anonymous_0)
FN:1,(anonymous_1)
FN:1,defineProperties
FN:1,(anonymous_3)
FN:32,_interopRequireDefault
FN:32,_classCallCheck
FN:32,_possibleConstructorReturn
FN:32,_inherits
FN:34,(anonymous_8)
FN:34,Tasks
FN:34,componentDidMount
FN:38,render
FN:66,(anonymous_12)
FN:253,select
FNF:14
FNH:0
FNDA:0,(anonymous_0)
FNDA:0,(anonymous_1)
FNDA:0,defineProperties
FNDA:0,(anonymous_3)
FNDA:0,_interopRequireDefault
FNDA:0,_classCallCheck
FNDA:0,_possibleConstructorReturn
FNDA:0,_inherits
FNDA:0,(anonymous_8)
FNDA:0,Tasks
FNDA:0,componentDidMount
FNDA:0,render
FNDA:0,(anonymous_12)
FNDA:0,select
DA:1,0
DA:2,0
DA:4,0
DA:5,0
DA:6,0
DA:7,0
DA:8,0
DA:9,0
DA:10,0
DA:11,0
DA:12,0
DA:13,0
DA:14,0
DA:15,0
DA:16,0
DA:17,0
DA:18,0
DA:19,0
DA:20,0
DA:21,0
DA:24,0
DA:26,0
DA:28,0
DA:32,0
DA:34,0
DA:36,0
DA:37,0
DA:41,0
DA:42,0
DA:44,0
DA:45,0
DA:46,0
DA:47,0
DA:55,0
DA:56,0
DA:66,0
DA:91,0
DA:98,0
DA:235,0
DA:238,0
DA:243,0
DA:249,0
DA:253,0
LF:43
LH:0
BRDA:1,0,0,0
BRDA:1,0,1,0
BRDA:1,1,0,0
BRDA:1,1,1,0
BRDA:1,2,0,0
BRDA:1,2,1,0
BRDA:1,3,0,0
BRDA:1,3,1,0
BRDA:1,4,0,0
BRDA:1,4,1,0
BRDA:1,5,0,0
BRDA:1,5,1,0
BRDA:32,6,0,0
BRDA:32,6,1,0
BRDA:32,7,0,0
BRDA:32,7,1,0
BRDA:32,8,0,0
BRDA:32,8,1,0
BRDA:32,9,0,0
BRDA:32,9,1,0
BRDA:32,10,0,0
BRDA:32,10,1,0
BRDA:32,11,0,0
BRDA:32,11,1,0
BRDA:32,11,2,0
BRDA:32,12,0,0
BRDA:32,12,1,0
BRDA:32,13,0,0
BRDA:32,13,1,0
BRDA:32,14,0,0
BRDA:32,14,1,0
BRDA:32,15,0,0
BRDA:32,15,1,0
BRDA:32,16,0,0
BRDA:32,16,1,0
BRDA:34,17,0,0
BRDA:34,17,1,0
BRDA:46,18,0,0
BRDA:46,18,1,0
BRDA:55,19,0,0
BRDA:55,19,1,0
BRDA:66,20,0,0
BRDA:66,20,1,0
BRDA:73,21,0,0
BRDA:73,21,1,0
BRF:45
BRH:0
end_of_record
TN:
SF:/Users/marlongomes/Workspace/crawler-tcc/src/js/screens/Task.js
FN:1,(anonymous_0)
FN:1,(anonymous_1)
FN:1,defineProperties
FN:1,(anonymous_3)
FN:20,_interopRequireDefault
FN:20,_classCallCheck
FN:20,_possibleConstructorReturn
FN:20,_inherits
FN:22,(anonymous_8)
FN:22,Task
FN:22,componentDidMount
FN:27,componentWillUnmount
FN:32,render
FN:116,select
FNF:14
FNH:0
FNDA:0,(anonymous_0)
FNDA:0,(anonymous_1)
FNDA:0,defineProperties
FNDA:0,(anonymous_3)
FNDA:0,_interopRequireDefault
FNDA:0,_classCallCheck
FNDA:0,_possibleConstructorReturn
FNDA:0,_inherits
FNDA:0,(anonymous_8)
FNDA:0,Task
FNDA:0,componentDidMount
FNDA:0,componentWillUnmount
FNDA:0,render
FNDA:0,select
DA:1,0
DA:2,0
DA:4,0
DA:5,0
DA:6,0
DA:7,0
DA:8,0
DA:9,0
DA:10,0
DA:11,0
DA:12,0
DA:13,0
DA:14,0
DA:16,0
DA:20,0
DA:22,0
DA:24,0
DA:25,0
DA:26,0
DA:30,0
DA:31,0
DA:35,0
DA:37,0
DA:38,0
DA:39,0
DA:40,0
DA:48,0
DA:49,0
DA:59,0
DA:79,0
DA:101,0
DA:104,0
DA:109,0
DA:116,0
LF:34
LH:0
BRDA:1,0,0,0
BRDA:1,0,1,0
BRDA:1,1,0,0
BRDA:1,1,1,0
BRDA:1,2,0,0
BRDA:1,2,1,0
BRDA:1,3,0,0
BRDA:1,3,1,0
BRDA:1,4,0,0
BRDA:1,4,1,0
BRDA:1,5,0,0
BRDA:1,5,1,0
BRDA:20,6,0,0
BRDA:20,6,1,0
BRDA:20,7,0,0
BRDA:20,7,1,0
BRDA:20,8,0,0
BRDA:20,8,1,0
BRDA:20,9,0,0
BRDA:20,9,1,0
BRDA:20,10,0,0
BRDA:20,10,1,0
BRDA:20,11,0,0
BRDA:20,11,1,0
BRDA:20,11,2,0
BRDA:20,12,0,0
BRDA:20,12,1,0
BRDA:20,13,0,0
BRDA:20,13,1,0
BRDA:20,14,0,0
BRDA:20,14,1,0
BRDA:20,15,0,0
BRDA:20,15,1,0
BRDA:20,16,0,0
BRDA:20,16,1,0
BRDA:22,17,0,0
BRDA:22,17,1,0
BRDA:39,18,0,0
BRDA:39,18,1,0
BRDA:48,19,0,0
BRDA:48,19,1,0
BRDA:93,20,0,0
BRDA:93,20,1,0
BRF:43
BRH:0
end_of_record
TN:
SF:/Users/marlongomes/Workspace/crawler-tcc/src/js/screens/Tasks.js
FN:1,(anonymous_0)
FN:1,(anonymous_1)
FN:1,defineProperties
FN:1,(anonymous_3)
FN:27,_interopRequireDefault
FN:27,_classCallCheck
FN:27,_possibleConstructorReturn
FN:27,_inherits
FN:29,(anonymous_8)
FN:29,Tasks
FN:29,componentDidMount
FN:33,render
FN:61,(anonymous_12)
FN:133,select
FNF:14
FNH:0
FNDA:0,(anonymous_0)
FNDA:0,(anonymous_1)
FNDA:0,defineProperties
FNDA:0,(anonymous_3)
FNDA:0,_interopRequireDefault
FNDA:0,_classCallCheck
FNDA:0,_possibleConstructorReturn
FNDA:0,_inherits
FNDA:0,(anonymous_8)
FNDA:0,Tasks
FNDA:0,componentDidMount
FNDA:0,render
FNDA:0,(anonymous_12)
FNDA:0,select
DA:1,0
DA:2,0
DA:4,0
DA:5,0
DA:6,0
DA:7,0
DA:8,0
DA:9,0
DA:10,0
DA:11,0
DA:12,0
DA:13,0
DA:14,0
DA:15,0
DA:16,0
DA:17,0
DA:18,0
DA:19,0
DA:21,0
DA:23,0
DA:27,0
DA:29,0
DA:31,0
DA:32,0
DA:36,0
DA:37,0
DA:39,0
DA:40,0
DA:41,0
DA:42,0
DA:50,0
DA:51,0
DA:61,0
DA:86,0
DA:93,0
DA:115,0
DA:118,0
DA:123,0
DA:129,0
DA:133,0
LF:40
LH:0
BRDA:1,0,0,0
BRDA:1,0,1,0
BRDA:1,1,0,0
BRDA:1,1,1,0
BRDA:1,2,0,0
BRDA:1,2,1,0
BRDA:1,3,0,0
BRDA:1,3,1,0
BRDA:1,4,0,0
BRDA:1,4,1,0
BRDA:1,5,0,0
BRDA:1,5,1,0
BRDA:27,6,0,0
BRDA:27,6,1,0
BRDA:27,7,0,0
BRDA:27,7,1,0
BRDA:27,8,0,0
BRDA:27,8,1,0
BRDA:27,9,0,0
BRDA:27,9,1,0
BRDA:27,10,0,0
BRDA:27,10,1,0
BRDA:27,11,0,0
BRDA:27,11,1,0
BRDA:27,11,2,0
BRDA:27,12,0,0
BRDA:27,12,1,0
BRDA:27,13,0,0
BRDA:27,13,1,0
BRDA:27,14,0,0
BRDA:27,14,1,0
BRDA:27,15,0,0
BRDA:27,15,1,0
BRDA:27,16,0,0
BRDA:27,16,1,0
BRDA:29,17,0,0
BRDA:29,17,1,0
BRDA:41,18,0,0
BRDA:41,18,1,0
BRDA:50,19,0,0
BRDA:50,19,1,0
BRDA:61,20,0,0
BRDA:61,20,1,0
BRDA:68,21,0,0
BRDA:68,21,1,0
BRF:45
BRH:0
end_of_record
TN:
SF:/Users/marlongomes/Workspace/crawler-tcc/src/js/screens/utils.js
FN:5,pageLoaded
FNF:1
FNH:0
FNDA:0,pageLoaded
DA:1,0
DA:5,0
DA:6,0
DA:7,0
DA:8,0
DA:10,0
DA:12,0
DA:13,0
DA:15,0
LF:9
LH:0
BRDA:6,0,0,0
BRDA:6,0,1,0
BRDA:7,1,0,0
BRDA:7,1,1,0
BRDA:7,2,0,0
BRDA:7,2,1,0
BRF:6
BRH:0
end_of_record
